<?xml version="1.0" encoding="UTF-8"?>
<!-- Generated by org.testng.reporters.JUnitReportReporter -->
<testsuite skipped="0" hostname="LAPTOP-O8D1T5RF" name="com.jbk.Eproc.TestCases.A" tests="1" failures="0" timestamp="17 Mar 2020 16:13:16 GMT" time="14.140" errors="0">
  <testcase name="m1" time="14.140" classname="com.jbk.Eproc.TestCases.A"/>
</testsuite> <!-- com.jbk.Eproc.TestCases.A -->
