<?xml version="1.0" encoding="UTF-8"?>
<!-- Generated by org.testng.reporters.JUnitReportReporter -->
<testsuite skipped="0" hostname="LAPTOP-O8D1T5RF" name="com.jbk.Eproc.TestCases.RegistrationPageTest" tests="3" failures="0" timestamp="18 Mar 2020 09:56:37 GMT" time="65.832" errors="0">
  <testcase name="registerPageTest" time="20.569" classname="com.jbk.Eproc.TestCases.RegistrationPageTest"/>
  <testcase name="checkRegistrationPageHeaderTest" time="21.360" classname="com.jbk.Eproc.TestCases.RegistrationPageTest"/>
  <testcase name="checkRegistrationPageTitleTest" time="23.903" classname="com.jbk.Eproc.TestCases.RegistrationPageTest"/>
</testsuite> <!-- com.jbk.Eproc.TestCases.RegistrationPageTest -->
