<?xml version="1.0" encoding="UTF-8"?>
<!-- Generated by org.testng.reporters.JUnitReportReporter -->
<testsuite skipped="0" hostname="LAPTOP-O8D1T5RF" name="com.jbk.Eproc.TestCases.A" tests="1" failures="0" timestamp="18 Mar 2020 09:56:37 GMT" time="23.390" errors="0">
  <testcase name="m1" time="23.390" classname="com.jbk.Eproc.TestCases.A"/>
</testsuite> <!-- com.jbk.Eproc.TestCases.A -->
