<?xml version="1.0" encoding="UTF-8"?>
<!-- Generated by org.testng.reporters.JUnitReportReporter -->
<testsuite skipped="0" hostname="LAPTOP-O8D1T5RF" name="com.jbk.A" tests="1" failures="0" timestamp="10 Mar 2020 17:54:54 GMT" time="25.417" errors="0">
  <testcase name="m1" time="25.417" classname="com.jbk.A"/>
</testsuite> <!-- com.jbk.A -->
