<?xml version="1.0" encoding="UTF-8"?>
<!-- Generated by org.testng.reporters.JUnitReportReporter -->
<testsuite skipped="0" hostname="LAPTOP-O8D1T5RF" name="com.jbk.Eproc.TestCases.RegistrationPageTest" tests="3" failures="0" timestamp="17 Mar 2020 16:33:30 GMT" time="100.953" errors="0">
  <testcase name="registerPageTest" time="19.234" classname="com.jbk.Eproc.TestCases.RegistrationPageTest"/>
  <testcase name="checkRegistrationPageHeaderTest" time="55.150" classname="com.jbk.Eproc.TestCases.RegistrationPageTest"/>
  <testcase name="checkRegistrationPageTitleTest" time="26.569" classname="com.jbk.Eproc.TestCases.RegistrationPageTest"/>
</testsuite> <!-- com.jbk.Eproc.TestCases.RegistrationPageTest -->
